[2022-03-08T10:52:00.074Z] Validating found git in: git
[2022-03-08T10:52:00.298Z] Using git 2.25.1 from git
[2022-03-08T10:52:01.209Z] > git rev-parse --git-dir [6ms]
[2022-03-08T10:52:01.217Z] Open repository: /home/aisha/Desktop/fashion
[2022-03-08T10:52:01.345Z] > git symbolic-ref --short HEAD [8ms]
[2022-03-08T10:52:01.412Z] > git for-each-ref --format=%(refname)%00%(upstream:short)%00%(objectname)%00%(upstream:track) refs/heads/main refs/remotes/main [40ms]
[2022-03-08T10:52:01.496Z] > git for-each-ref --sort -committerdate --format %(refname) %(objectname) %(*objectname) [69ms]
[2022-03-08T10:52:01.498Z] > git remote --verbose [55ms]
[2022-03-08T10:52:01.551Z] > git config --get commit.template [40ms]
[2022-03-08T10:52:01.875Z] > git ls-files --stage -- /home/aisha/Desktop/fashion/mila.js [73ms]
[2022-03-08T10:52:02.026Z] > git cat-file -s c87ccdf82c46fce4a8b74b8b4793ee70d811f65a [117ms]
[2022-03-08T10:52:22.231Z] > git ls-files --stage -- /home/aisha/Desktop/fashion/mila.html [20ms]
[2022-03-08T10:52:22.247Z] > git cat-file -s 6ec334c29ff7a335f0717acb463fbc399f90b788 [3ms]
[2022-03-08T10:52:41.845Z] > git ls-files --stage -- /home/aisha/Desktop/fashion/fashion.html [42ms]
[2022-03-08T10:52:41.862Z] > git cat-file -s 9abf3a6c54c2b5d97336533a62c282fefafa2973 [3ms]
[2022-03-08T10:52:42.000Z] > git log --format=%H%n%aN%n%aE%n%at%n%ct%n%P%n%B -z -n41 -- /home/aisha/Desktop/fashion/fashion.html [158ms]
[2022-03-08T10:52:42.029Z] > git log --format=%H%n%aN%n%aE%n%at%n%ct%n%P%n%B -z -n21 -- /home/aisha/Desktop/fashion/fashion.html [202ms]
[2022-03-08T10:52:47.339Z] > git ls-files --stage -- /home/aisha/Desktop/fashion/mila.html [4ms]
[2022-03-08T10:52:47.349Z] > git cat-file -s 6ec334c29ff7a335f0717acb463fbc399f90b788 [2ms]
[2022-03-08T11:10:30.429Z] > git ls-files --stage -- /home/aisha/Desktop/fashion/mila.js [2ms]
[2022-03-08T11:10:30.440Z] > git cat-file -s c87ccdf82c46fce4a8b74b8b4793ee70d811f65a [2ms]
[2022-03-08T11:11:03.514Z] > git ls-files --stage -- /home/aisha/Desktop/fashion/mila.html [3ms]
[2022-03-08T11:11:03.526Z] > git cat-file -s 6ec334c29ff7a335f0717acb463fbc399f90b788 [2ms]
[2022-03-08T11:11:31.875Z] > git ls-files --stage -- /home/aisha/Desktop/fashion/mila.html [4ms]
[2022-03-08T11:11:31.884Z] > git cat-file -s 6ec334c29ff7a335f0717acb463fbc399f90b788 [2ms]
[2022-03-08T11:11:58.846Z] > git symbolic-ref --short HEAD [2ms]
[2022-03-08T11:11:58.857Z] > git for-each-ref --format=%(refname)%00%(upstream:short)%00%(objectname)%00%(upstream:track) refs/heads/main refs/remotes/main [3ms]
[2022-03-08T11:11:58.871Z] > git for-each-ref --sort -committerdate --format %(refname) %(objectname) %(*objectname) [7ms]
[2022-03-08T11:11:58.872Z] > git remote --verbose [2ms]
[2022-03-08T11:11:58.884Z] > git config --get commit.template [2ms]
[2022-03-08T11:12:12.907Z] > git symbolic-ref --short HEAD [2ms]
[2022-03-08T11:12:12.920Z] > git for-each-ref --format=%(refname)%00%(upstream:short)%00%(objectname)%00%(upstream:track) refs/heads/main refs/remotes/main [3ms]
[2022-03-08T11:12:12.936Z] > git for-each-ref --sort -committerdate --format %(refname) %(objectname) %(*objectname) [10ms]
[2022-03-08T11:12:12.937Z] > git remote --verbose [3ms]
[2022-03-08T11:12:12.950Z] > git config --get commit.template [2ms]
[2022-03-08T11:12:25.747Z] > git ls-files --stage -- /home/aisha/Desktop/fashion/weather.html [3ms]
[2022-03-08T11:12:26.507Z] > git symbolic-ref --short HEAD [3ms]
[2022-03-08T11:12:26.521Z] > git for-each-ref --format=%(refname)%00%(upstream:short)%00%(objectname)%00%(upstream:track) refs/heads/main refs/remotes/main [4ms]
[2022-03-08T11:12:26.540Z] > git for-each-ref --sort -committerdate --format %(refname) %(objectname) %(*objectname) [10ms]
[2022-03-08T11:12:26.541Z] > git remote --verbose [3ms]
[2022-03-08T11:12:26.555Z] > git config --get commit.template [3ms]
[2022-03-08T11:27:59.545Z] > git ls-files --stage -- /home/aisha/Desktop/fashion/style.css [3ms]
[2022-03-08T11:27:59.651Z] > git cat-file -s 588f230f1e8c8e450b745923fdab75874ae3d140 [89ms]
[2022-03-08T11:28:13.429Z] > git ls-files --stage -- /home/aisha/Desktop/fashion/weather.html [6ms]
[2022-03-08T11:28:26.588Z] > git ls-files --stage -- /home/aisha/Desktop/fashion/mystyle.css [1ms]
[2022-03-08T11:28:26.653Z] > git cat-file -s b9ff9f538341a8ca702a94ea1c28b86e96ebb5cc [57ms]
[2022-03-08T11:50:05.842Z] > git ls-files --stage -- /home/aisha/Desktop/fashion/weather.html [5ms]
[2022-03-08T11:52:51.957Z] > git ls-files --stage -- /home/aisha/Desktop/fashion/mystyle.css [2ms]
[2022-03-08T11:52:51.972Z] > git cat-file -s b9ff9f538341a8ca702a94ea1c28b86e96ebb5cc [4ms]
[2022-03-08T11:57:52.487Z] > git ls-files --stage -- /home/aisha/Desktop/fashion/weather.html [5ms]
[2022-03-08T11:58:23.122Z] > git ls-files --stage -- /home/aisha/Desktop/fashion/mystyle.css [3ms]
[2022-03-08T11:58:23.133Z] > git cat-file -s b9ff9f538341a8ca702a94ea1c28b86e96ebb5cc [2ms]
[2022-03-08T11:59:38.131Z] > git ls-files --stage -- /home/aisha/Desktop/fashion/weather.html [2ms]
[2022-03-08T11:59:43.913Z] > git symbolic-ref --short HEAD [2ms]
[2022-03-08T11:59:43.925Z] > git for-each-ref --format=%(refname)%00%(upstream:short)%00%(objectname)%00%(upstream:track) refs/heads/main refs/remotes/main [2ms]
[2022-03-08T11:59:43.946Z] > git remote --verbose [4ms]
[2022-03-08T11:59:43.947Z] > git for-each-ref --sort -committerdate --format %(refname) %(objectname) %(*objectname) [14ms]
[2022-03-08T11:59:43.965Z] > git config --get commit.template [2ms]
[2022-03-08T12:01:07.898Z] > git ls-files --stage -- /home/aisha/Desktop/fashion/mila.js [3ms]
[2022-03-08T12:01:07.910Z] > git cat-file -s c87ccdf82c46fce4a8b74b8b4793ee70d811f65a [2ms]
[2022-03-08T12:01:16.140Z] > git ls-files --stage -- /home/aisha/Desktop/fashion/weather.html [4ms]
[2022-03-08T12:01:42.555Z] > git symbolic-ref --short HEAD [1ms]
[2022-03-08T12:01:42.568Z] > git for-each-ref --format=%(refname)%00%(upstream:short)%00%(objectname)%00%(upstream:track) refs/heads/main refs/remotes/main [2ms]
[2022-03-08T12:01:42.589Z] > git for-each-ref --sort -committerdate --format %(refname) %(objectname) %(*objectname) [11ms]
[2022-03-08T12:01:42.590Z] > git remote --verbose [3ms]
[2022-03-08T12:01:42.603Z] > git config --get commit.template [2ms]
[2022-03-08T12:01:59.724Z] > git symbolic-ref --short HEAD [2ms]
[2022-03-08T12:01:59.736Z] > git for-each-ref --format=%(refname)%00%(upstream:short)%00%(objectname)%00%(upstream:track) refs/heads/main refs/remotes/main [3ms]
[2022-03-08T12:01:59.752Z] > git for-each-ref --sort -committerdate --format %(refname) %(objectname) %(*objectname) [9ms]
[2022-03-08T12:01:59.753Z] > git remote --verbose [3ms]
[2022-03-08T12:01:59.766Z] > git config --get commit.template [3ms]
[2022-03-08T12:02:14.363Z] > git ls-files --stage -- /home/aisha/Desktop/fashion/weather.js [3ms]
[2022-03-08T12:02:15.122Z] > git symbolic-ref --short HEAD [2ms]
[2022-03-08T12:02:15.134Z] > git for-each-ref --format=%(refname)%00%(upstream:short)%00%(objectname)%00%(upstream:track) refs/heads/main refs/remotes/main [4ms]
[2022-03-08T12:02:15.153Z] > git for-each-ref --sort -committerdate --format %(refname) %(objectname) %(*objectname) [10ms]
[2022-03-08T12:02:15.154Z] > git remote --verbose [2ms]
[2022-03-08T12:02:15.166Z] > git config --get commit.template [2ms]
[2022-03-08T12:03:59.761Z] > git ls-files --stage -- /home/aisha/Desktop/fashion/mila.js [3ms]
[2022-03-08T12:03:59.770Z] > git cat-file -s c87ccdf82c46fce4a8b74b8b4793ee70d811f65a [2ms]
[2022-03-08T12:04:57.824Z] > git ls-files --stage -- /home/aisha/Desktop/fashion/weather.js [3ms]
[2022-03-08T12:10:21.677Z] > git ls-files --stage -- /home/aisha/Desktop/fashion/mila.js [9ms]
[2022-03-08T12:10:21.715Z] > git cat-file -s c87ccdf82c46fce4a8b74b8b4793ee70d811f65a [2ms]
[2022-03-08T12:10:48.371Z] > git ls-files --stage -- /home/aisha/Desktop/fashion/weather.js [5ms]
[2022-03-08T13:03:46.954Z] > git symbolic-ref --short HEAD [3ms]
[2022-03-08T13:03:47.070Z] > git for-each-ref --format=%(refname)%00%(upstream:short)%00%(objectname)%00%(upstream:track) refs/heads/main refs/remotes/main [69ms]
[2022-03-08T13:03:47.098Z] > git for-each-ref --sort -committerdate --format %(refname) %(objectname) %(*objectname) [13ms]
[2022-03-08T13:03:47.117Z] > git remote --verbose [22ms]
[2022-03-08T13:03:47.157Z] > git config --get commit.template [18ms]
[2022-03-08T13:03:50.832Z] > git ls-files --stage -- /home/aisha/Desktop/fashion/weather.html [67ms]
[2022-03-08T13:04:32.417Z] > git ls-files --stage -- /home/aisha/Desktop/fashion/weather.js [5ms]
[2022-03-08T13:29:12.660Z] > git ls-files --stage -- /home/aisha/Desktop/fashion/weather.html [2ms]
[2022-03-08T13:29:14.859Z] > git ls-files --stage -- /home/aisha/Desktop/fashion/weather.js [3ms]
[2022-03-08T13:36:46.871Z] > git ls-files --stage -- /home/aisha/Desktop/fashion/weather.html [2ms]
[2022-03-08T13:39:51.434Z] > git symbolic-ref --short HEAD [3ms]
[2022-03-08T13:39:51.453Z] > git for-each-ref --format=%(refname)%00%(upstream:short)%00%(objectname)%00%(upstream:track) refs/heads/main refs/remotes/main [2ms]
[2022-03-08T13:39:51.492Z] > git remote --verbose [4ms]
[2022-03-08T13:39:51.494Z] > git for-each-ref --sort -committerdate --format %(refname) %(objectname) %(*objectname) [23ms]
[2022-03-08T13:39:51.514Z] > git config --get commit.template [3ms]
[2022-03-08T13:40:04.011Z] > git ls-files --stage -- /home/aisha/Desktop/fashion/weather.js [106ms]
[2022-03-08T13:54:21.174Z] > git symbolic-ref --short HEAD [2ms]
[2022-03-08T13:54:21.182Z] > git for-each-ref --format=%(refname)%00%(upstream:short)%00%(objectname)%00%(upstream:track) refs/heads/main refs/remotes/main [2ms]
[2022-03-08T13:54:21.199Z] > git for-each-ref --sort -committerdate --format %(refname) %(objectname) %(*objectname) [10ms]
[2022-03-08T13:54:21.199Z] > git remote --verbose [3ms]
[2022-03-08T13:54:21.210Z] > git config --get commit.template [2ms]
[2022-03-08T14:07:37.715Z] > git rev-parse --git-dir [16ms]
[2022-03-08T14:07:37.762Z] Open repository: /home/aisha/Desktop/fashion
[2022-03-08T14:07:37.786Z] > git symbolic-ref --short HEAD [2ms]
[2022-03-08T14:07:37.797Z] > git for-each-ref --format=%(refname)%00%(upstream:short)%00%(objectname)%00%(upstream:track) refs/heads/main refs/remotes/main [1ms]
[2022-03-08T14:07:37.820Z] > git for-each-ref --sort -committerdate --format %(refname) %(objectname) %(*objectname) [13ms]
[2022-03-08T14:07:37.824Z] > git remote --verbose [5ms]
[2022-03-08T14:07:37.840Z] > git config --get commit.template [4ms]
[2022-03-08T14:07:38.153Z] > git ls-files --stage -- /home/aisha/Desktop/fashion/weather.html [2ms]
[2022-03-08T14:07:43.448Z] > git ls-files --stage -- /home/aisha/Desktop/fashion/fashion.html [3ms]
[2022-03-08T14:07:43.467Z] > git cat-file -s 9abf3a6c54c2b5d97336533a62c282fefafa2973 [2ms]
[2022-03-08T14:07:46.428Z] > git ls-files --stage -- /home/aisha/Desktop/fashion/mystyle.css [2ms]
[2022-03-08T14:07:46.454Z] > git cat-file -s b9ff9f538341a8ca702a94ea1c28b86e96ebb5cc [18ms]
[2022-03-08T14:07:48.752Z] > git ls-files --stage -- /home/aisha/Desktop/fashion/weather.js [45ms]
[2022-03-08T14:25:47.771Z] > git ls-files --stage -- /home/aisha/Desktop/fashion/weather.html [4ms]
[2022-03-08T14:27:40.218Z] > git ls-files --stage -- /home/aisha/Desktop/fashion/weather.js [10ms]
[2022-03-08T14:29:10.636Z] > git ls-files --stage -- /home/aisha/Desktop/fashion/weather.html [4ms]
[2022-03-08T14:29:38.406Z] > git ls-files --stage -- /home/aisha/Desktop/fashion/weather.js [5ms]
[2022-03-08T14:31:56.811Z] > git ls-files --stage -- /home/aisha/Desktop/fashion/weather.html [58ms]
[2022-03-08T14:35:25.727Z] > git symbolic-ref --short HEAD [2ms]
[2022-03-08T14:35:25.738Z] > git for-each-ref --format=%(refname)%00%(upstream:short)%00%(objectname)%00%(upstream:track) refs/heads/main refs/remotes/main [2ms]
[2022-03-08T14:35:25.756Z] > git remote --verbose [3ms]
[2022-03-08T14:35:25.756Z] > git for-each-ref --sort -committerdate --format %(refname) %(objectname) %(*objectname) [10ms]
[2022-03-08T14:35:25.772Z] > git config --get commit.template [2ms]
[2022-03-08T14:37:49.171Z] > git ls-files --stage -- /home/aisha/Desktop/fashion/weather.js [2ms]
[2022-03-08T14:39:50.316Z] > git ls-files --stage -- /home/aisha/Desktop/fashion/weather.html [2ms]
[2022-03-08T14:40:57.337Z] > git ls-files --stage -- /home/aisha/Desktop/fashion/weather.js [4ms]
[2022-03-08T14:59:30.626Z] > git ls-files --stage -- /home/aisha/Desktop/fashion/weather.html [3ms]
[2022-03-08T14:59:38.482Z] > git ls-files --stage -- /home/aisha/Desktop/fashion/weather.js [6ms]
[2022-03-08T15:09:33.187Z] > git ls-files --stage -- /home/aisha/Desktop/fashion/weather.html [5ms]
[2022-03-08T15:09:43.627Z] > git symbolic-ref --short HEAD [13ms]
[2022-03-08T15:09:43.653Z] > git for-each-ref --format=%(refname)%00%(upstream:short)%00%(objectname)%00%(upstream:track) refs/heads/main refs/remotes/main [2ms]
[2022-03-08T15:09:43.691Z] > git for-each-ref --sort -committerdate --format %(refname) %(objectname) %(*objectname) [18ms]
[2022-03-08T15:09:43.692Z] > git remote --verbose [4ms]
[2022-03-08T15:09:43.716Z] > git config --get commit.template [8ms]
[2022-03-08T15:10:02.374Z] > git symbolic-ref --short HEAD [4ms]
[2022-03-08T15:10:02.575Z] > git for-each-ref --format=%(refname)%00%(upstream:short)%00%(objectname)%00%(upstream:track) refs/heads/main refs/remotes/main [65ms]
[2022-03-08T15:10:02.883Z] > git remote --verbose [4ms]
[2022-03-08T15:10:02.885Z] > git for-each-ref --sort -committerdate --format %(refname) %(objectname) %(*objectname) [132ms]
[2022-03-08T15:10:03.085Z] > git config --get commit.template [48ms]
[2022-03-08T15:11:16.644Z] > git ls-files --stage -- /home/aisha/Desktop/fashion/weather.js [4ms]
[2022-03-08T15:12:02.276Z] git.getSCMResource.uri file:///home/aisha/Desktop/fashion/weather.js
[2022-03-08T15:12:02.277Z] repo root /home/aisha/Desktop/fashion
[2022-03-08T15:12:02.516Z] > git ls-tree -l HEAD -- /home/aisha/Desktop/fashion/weather.js [5ms]
[2022-03-08T15:12:02.783Z] > git log --format=%H%n%aN%n%aE%n%at%n%ct%n%P%n%B -z -n21 -- /home/aisha/Desktop/fashion/weather.js [97ms]
[2022-03-08T15:12:35.891Z] > git ls-files --stage -- /home/aisha/Desktop/fashion/weather.js [12ms]
