[Running] node "/home/aisha/Desktop/fashion/weather.js"
/home/aisha/Desktop/fashion/weather.js:4
    let temperatureDescription =document.querySelector( ".temperature-description";);
                                                        ^^^^^^^^^^^^^^^^^^^^^^^^^^

SyntaxError: missing ) after argument list
    at Module._compile (internal/modules/cjs/loader.js:723:23)
    at Object.Module._extensions..js (internal/modules/cjs/loader.js:789:10)
    at Module.load (internal/modules/cjs/loader.js:653:32)
    at tryModuleLoad (internal/modules/cjs/loader.js:593:12)
    at Function.Module._load (internal/modules/cjs/loader.js:585:3)
    at Function.Module.runMain (internal/modules/cjs/loader.js:831:12)
    at startup (internal/bootstrap/node.js:283:19)
    at bootstrapNodeJSCore (internal/bootstrap/node.js:623:3)

[Done] exited with code=1 in 2.359 seconds

[Running] node "/home/aisha/Desktop/fashion/weather.js"
/home/aisha/Desktop/fashion/weather.js:42
}
^

SyntaxError: missing ) after argument list
    at Module._compile (internal/modules/cjs/loader.js:723:23)
    at Object.Module._extensions..js (internal/modules/cjs/loader.js:789:10)
    at Module.load (internal/modules/cjs/loader.js:653:32)
    at tryModuleLoad (internal/modules/cjs/loader.js:593:12)
    at Function.Module._load (internal/modules/cjs/loader.js:585:3)
    at Function.Module.runMain (internal/modules/cjs/loader.js:831:12)
    at startup (internal/bootstrap/node.js:283:19)
    at bootstrapNodeJSCore (internal/bootstrap/node.js:623:3)

[Done] exited with code=1 in 0.757 seconds

[Running] node "/home/aisha/Desktop/fashion/weather.js"
/home/aisha/Desktop/fashion/weather.js:42
}
^

SyntaxError: missing ) after argument list
    at Module._compile (internal/modules/cjs/loader.js:723:23)
    at Object.Module._extensions..js (internal/modules/cjs/loader.js:789:10)
    at Module.load (internal/modules/cjs/loader.js:653:32)
    at tryModuleLoad (internal/modules/cjs/loader.js:593:12)
    at Function.Module._load (internal/modules/cjs/loader.js:585:3)
    at Function.Module.runMain (internal/modules/cjs/loader.js:831:12)
    at startup (internal/bootstrap/node.js:283:19)
    at bootstrapNodeJSCore (internal/bootstrap/node.js:623:3)

[Done] exited with code=1 in 4.319 seconds

