[2022-03-04 15:18:41.373] [main] [info] update#setState idle
[2022-03-04 15:18:41.583] [main] [info] window#load: attempt to load window (id: 1)
[2022-03-04 15:18:42.330] [main] [info] ExtensionHostStarterWorker created
[2022-03-04 15:18:45.374] [main] [info] window#load: window reported ready (id: 1)
[2022-03-04 15:18:45.713] [main] [info] Starting extension host with pid 4040 (fork() took 58 ms).
[2022-03-04 15:18:45.713] [main] [info] ExtensionHostStarterWorker.start() took 61 ms.
[2022-03-04 15:19:11.380] [main] [info] update#setState checking for updates
[2022-03-04 15:19:11.384] [main] [info] update#setState idle
[2022-03-04 16:19:11.383] [main] [info] update#setState checking for updates
[2022-03-04 16:19:11.441] [main] [info] update#setState idle
[2022-03-04 17:19:11.494] [main] [info] update#setState checking for updates
[2022-03-04 17:19:11.518] [main] [info] update#setState idle
[2022-03-04 18:19:11.613] [main] [info] update#setState checking for updates
[2022-03-04 18:19:11.781] [main] [info] update#setState idle
[2022-03-04 19:19:11.749] [main] [info] update#setState checking for updates
[2022-03-04 19:19:11.772] [main] [info] update#setState idle
[2022-03-04 20:19:11.869] [main] [info] update#setState checking for updates
[2022-03-04 20:19:11.886] [main] [info] update#setState idle
[2022-03-04 21:19:11.983] [main] [info] update#setState checking for updates
[2022-03-04 21:19:12.039] [main] [info] update#setState idle
[2022-03-04 22:19:12.173] [main] [info] update#setState checking for updates
[2022-03-04 22:19:12.175] [main] [info] update#setState idle
[2022-03-04 23:19:12.274] [main] [info] update#setState checking for updates
[2022-03-04 23:19:12.278] [main] [info] update#setState idle
[2022-03-05 00:19:12.373] [main] [info] update#setState checking for updates
[2022-03-05 00:19:12.375] [main] [info] update#setState idle
