[2022-03-04T12:18:53.619Z] Validating found git in: git
[2022-03-04T12:18:53.882Z] Using git 2.25.1 from git
[2022-03-04T12:18:54.303Z] > git rev-parse --git-dir [354ms]
[2022-03-04T12:18:54.309Z] Open repository: /home/aisha/Desktop/fashion
[2022-03-04T12:18:54.694Z] > git ls-files --stage -- /home/aisha/Desktop/fashion/mila.html [49ms]
[2022-03-04T12:18:54.748Z] > git cat-file -s ac22d19ef358fb50d2e0e5c665fc8a2a90b7de80 [45ms]
[2022-03-04T12:18:54.911Z] > git symbolic-ref --short HEAD [5ms]
[2022-03-04T12:18:54.930Z] > git for-each-ref --format=%(refname)%00%(upstream:short)%00%(objectname)%00%(upstream:track) refs/heads/main refs/remotes/main [4ms]
[2022-03-04T12:18:54.967Z] > git remote --verbose [3ms]
[2022-03-04T12:18:54.968Z] > git for-each-ref --sort -committerdate --format %(refname) %(objectname) %(*objectname) [14ms]
[2022-03-04T12:18:54.986Z] > git config --get commit.template [5ms]
[2022-03-04T12:21:37.156Z] > git ls-files --stage -- /home/aisha/Desktop/fashion/mila.html [2ms]
[2022-03-04T12:21:37.164Z] > git cat-file -s ac22d19ef358fb50d2e0e5c665fc8a2a90b7de80 [3ms]
[2022-03-04T12:22:22.598Z] > git ls-files --stage -- /home/aisha/Desktop/fashion/mila.html [2ms]
[2022-03-04T12:22:22.608Z] > git cat-file -s ac22d19ef358fb50d2e0e5c665fc8a2a90b7de80 [3ms]
[2022-03-04T12:22:41.487Z] > git ls-files --stage -- /home/aisha/Desktop/fashion/mila.html [4ms]
[2022-03-04T12:22:41.496Z] > git cat-file -s ac22d19ef358fb50d2e0e5c665fc8a2a90b7de80 [3ms]
[2022-03-04T12:23:15.374Z] > git ls-files --stage -- /home/aisha/Desktop/fashion/mila.js [7ms]
[2022-03-04T12:23:15.750Z] > git symbolic-ref --short HEAD [2ms]
[2022-03-04T12:23:15.766Z] > git for-each-ref --format=%(refname)%00%(upstream:short)%00%(objectname)%00%(upstream:track) refs/heads/main refs/remotes/main [3ms]
[2022-03-04T12:23:15.810Z] > git remote --verbose [12ms]
[2022-03-04T12:23:15.811Z] > git for-each-ref --sort -committerdate --format %(refname) %(objectname) %(*objectname) [33ms]
[2022-03-04T12:23:15.835Z] > git config --get commit.template [6ms]
[2022-03-04T12:38:37.871Z] > git ls-files --stage -- /home/aisha/Desktop/fashion/mila.html [535ms]
[2022-03-04T12:38:37.937Z] > git cat-file -s ac22d19ef358fb50d2e0e5c665fc8a2a90b7de80 [4ms]
[2022-03-04T12:38:41.486Z] > git symbolic-ref --short HEAD [2ms]
[2022-03-04T12:38:41.500Z] > git for-each-ref --format=%(refname)%00%(upstream:short)%00%(objectname)%00%(upstream:track) refs/heads/main refs/remotes/main [3ms]
[2022-03-04T12:38:41.519Z] > git remote --verbose [3ms]
[2022-03-04T12:38:41.604Z] > git for-each-ref --sort -committerdate --format %(refname) %(objectname) %(*objectname) [96ms]
[2022-03-04T12:38:41.622Z] > git config --get commit.template [3ms]
[2022-03-04T12:41:26.959Z] > git ls-files --stage -- /home/aisha/Desktop/fashion/mila.js [5ms]
[2022-03-04T12:57:36.370Z] > git ls-files --stage -- /home/aisha/Desktop/fashion/style.css [292ms]
[2022-03-04T12:57:36.390Z] > git cat-file -s 994343b76e475a38ccc30decc4a9c584e266c12e [3ms]
[2022-03-04T12:58:18.616Z] > git ls-files --stage -- /home/aisha/Desktop/fashion/mila.js [3ms]
[2022-03-04T13:08:13.553Z] > git ls-files --stage -- /home/aisha/Desktop/fashion/mila.html [138ms]
[2022-03-04T13:08:13.628Z] > git cat-file -s ac22d19ef358fb50d2e0e5c665fc8a2a90b7de80 [2ms]
[2022-03-04T13:08:15.546Z] > git ls-files --stage -- /home/aisha/Desktop/fashion/mila.js [5ms]
[2022-03-04T13:08:22.022Z] > git ls-files --stage -- /home/aisha/Desktop/fashion/mila.html [3ms]
[2022-03-04T13:08:22.034Z] > git cat-file -s ac22d19ef358fb50d2e0e5c665fc8a2a90b7de80 [2ms]
[2022-03-04T13:09:23.829Z] > git ls-files --stage -- /home/aisha/Desktop/fashion/mila.js [7ms]
[2022-03-04T13:09:36.559Z] > git symbolic-ref --short HEAD [2ms]
[2022-03-04T13:09:36.659Z] > git for-each-ref --format=%(refname)%00%(upstream:short)%00%(objectname)%00%(upstream:track) refs/heads/main refs/remotes/main [91ms]
[2022-03-04T13:09:36.683Z] > git for-each-ref --sort -committerdate --format %(refname) %(objectname) %(*objectname) [12ms]
[2022-03-04T13:09:36.685Z] > git remote --verbose [4ms]
[2022-03-04T13:09:36.700Z] > git config --get commit.template [3ms]
[2022-03-04T13:09:41.731Z] > git symbolic-ref --short HEAD [2ms]
[2022-03-04T13:09:41.741Z] > git for-each-ref --format=%(refname)%00%(upstream:short)%00%(objectname)%00%(upstream:track) refs/heads/main refs/remotes/main [3ms]
[2022-03-04T13:09:41.759Z] > git for-each-ref --sort -committerdate --format %(refname) %(objectname) %(*objectname) [10ms]
[2022-03-04T13:09:41.760Z] > git remote --verbose [3ms]
[2022-03-04T13:09:41.771Z] > git config --get commit.template [3ms]
[2022-03-04T13:37:30.382Z] > git ls-files --stage -- /home/aisha/Desktop/fashion/style.css [5ms]
[2022-03-04T13:37:30.397Z] > git cat-file -s 994343b76e475a38ccc30decc4a9c584e266c12e [2ms]
[2022-03-04T13:42:41.898Z] > git ls-files --stage -- /home/aisha/Desktop/fashion/mila.js [3ms]
[2022-03-04T14:35:20.559Z] > git symbolic-ref --short HEAD [21ms]
[2022-03-04T14:35:20.684Z] > git for-each-ref --format=%(refname)%00%(upstream:short)%00%(objectname)%00%(upstream:track) refs/heads/main refs/remotes/main [36ms]
[2022-03-04T14:35:20.736Z] > git for-each-ref --sort -committerdate --format %(refname) %(objectname) %(*objectname) [40ms]
[2022-03-04T14:35:20.740Z] > git remote --verbose [34ms]
[2022-03-04T14:35:20.799Z] > git config --get commit.template [36ms]
[2022-03-04T14:37:03.526Z] > git ls-files --stage -- /home/aisha/Desktop/fashion/mila.html [42ms]
[2022-03-04T14:37:03.636Z] > git cat-file -s ac22d19ef358fb50d2e0e5c665fc8a2a90b7de80 [100ms]
[2022-03-04T14:37:33.236Z] > git symbolic-ref --short HEAD [2ms]
[2022-03-04T14:37:33.250Z] > git for-each-ref --format=%(refname)%00%(upstream:short)%00%(objectname)%00%(upstream:track) refs/heads/main refs/remotes/main [3ms]
[2022-03-04T14:37:33.271Z] > git for-each-ref --sort -committerdate --format %(refname) %(objectname) %(*objectname) [13ms]
[2022-03-04T14:37:33.272Z] > git remote --verbose [3ms]
[2022-03-04T14:37:33.288Z] > git config --get commit.template [1ms]
[2022-03-04T14:37:33.328Z] > git ls-files --stage -- /home/aisha/Desktop/fashion/mila.html [3ms]
[2022-03-04T14:37:33.344Z] > git cat-file -s ac22d19ef358fb50d2e0e5c665fc8a2a90b7de80 [3ms]
[2022-03-04T14:37:44.189Z] > git symbolic-ref --short HEAD [2ms]
[2022-03-04T14:37:44.199Z] > git for-each-ref --format=%(refname)%00%(upstream:short)%00%(objectname)%00%(upstream:track) refs/heads/main refs/remotes/main [2ms]
[2022-03-04T14:37:44.220Z] > git for-each-ref --sort -committerdate --format %(refname) %(objectname) %(*objectname) [13ms]
[2022-03-04T14:37:44.221Z] > git remote --verbose [4ms]
[2022-03-04T14:37:44.239Z] > git config --get commit.template [2ms]
[2022-03-04T14:37:44.303Z] > git ls-files --stage -- /home/aisha/Desktop/fashion/mila.html [2ms]
[2022-03-04T14:37:44.314Z] > git cat-file -s 6ec334c29ff7a335f0717acb463fbc399f90b788 [3ms]
[2022-03-04T14:38:28.091Z] > git symbolic-ref --short HEAD [2ms]
[2022-03-04T14:38:28.184Z] > git ls-files --stage -- /home/aisha/Desktop/fashion/mila.html [3ms]
[2022-03-04T14:38:28.197Z] > git cat-file -s 6ec334c29ff7a335f0717acb463fbc399f90b788 [3ms]
[2022-03-04T14:38:28.298Z] > git for-each-ref --format=%(refname)%00%(upstream:short)%00%(objectname)%00%(upstream:track) refs/heads/main refs/remotes/main [199ms]
[2022-03-04T14:38:28.322Z] > git for-each-ref --sort -committerdate --format %(refname) %(objectname) %(*objectname) [11ms]
[2022-03-04T14:38:28.323Z] > git remote --verbose [3ms]
[2022-03-04T14:38:28.340Z] > git config --get commit.template [2ms]
[2022-03-04T14:38:55.602Z] > git symbolic-ref --short HEAD [2ms]
[2022-03-04T14:38:55.612Z] > git for-each-ref --format=%(refname)%00%(upstream:short)%00%(objectname)%00%(upstream:track) refs/heads/main refs/remotes/main [2ms]
[2022-03-04T14:38:55.630Z] > git for-each-ref --sort -committerdate --format %(refname) %(objectname) %(*objectname) [10ms]
[2022-03-04T14:38:55.631Z] > git remote --verbose [2ms]
[2022-03-04T14:38:55.644Z] > git config --get commit.template [2ms]
[2022-03-04T14:38:55.691Z] > git ls-files --stage -- /home/aisha/Desktop/fashion/mila.html [2ms]
[2022-03-04T14:38:55.700Z] > git cat-file -s 6ec334c29ff7a335f0717acb463fbc399f90b788 [1ms]
[2022-03-04T14:40:55.822Z] > git ls-files --stage -- /home/aisha/Desktop/fashion/mila.js [2ms]
[2022-03-04T14:40:55.847Z] > git cat-file -s c87ccdf82c46fce4a8b74b8b4793ee70d811f65a [8ms]
