[2022-03-04T09:21:58.100Z] Validating found git in: git
[2022-03-04T09:21:58.554Z] Using git 2.25.1 from git
[2022-03-04T09:21:58.900Z] > git rev-parse --git-dir [31ms]
[2022-03-04T09:21:58.910Z] Open repository: /home/aisha/Desktop/fashion
[2022-03-04T09:21:59.305Z] > git symbolic-ref --short HEAD [2ms]
[2022-03-04T09:21:59.662Z] > git for-each-ref --format=%(refname)%00%(upstream:short)%00%(objectname)%00%(upstream:track) refs/heads/main refs/remotes/main [340ms]
[2022-03-04T09:21:59.691Z] > git remote --verbose [5ms]
[2022-03-04T09:21:59.692Z] > git for-each-ref --sort -committerdate --format %(refname) %(objectname) %(*objectname) [15ms]
[2022-03-04T09:21:59.713Z] > git config --get commit.template [2ms]
[2022-03-04T09:22:03.327Z] > git ls-files --stage -- /home/aisha/Desktop/fashion/mila.html [35ms]
[2022-03-04T09:22:33.573Z] > git symbolic-ref --short HEAD [3ms]
[2022-03-04T09:22:33.588Z] > git for-each-ref --format=%(refname)%00%(upstream:short)%00%(objectname)%00%(upstream:track) refs/heads/main refs/remotes/main [4ms]
[2022-03-04T09:22:33.601Z] > git for-each-ref --sort -committerdate --format %(refname) %(objectname) %(*objectname) [7ms]
[2022-03-04T09:22:33.602Z] > git remote --verbose [2ms]
[2022-03-04T09:22:33.616Z] > git config --get commit.template [2ms]
[2022-03-04T09:23:01.863Z] > git ls-files --stage -- /home/aisha/Desktop/fashion/fashion.html [3ms]
[2022-03-04T09:23:01.881Z] > git cat-file -s 9abf3a6c54c2b5d97336533a62c282fefafa2973 [10ms]
[2022-03-04T09:25:21.720Z] > git ls-files --stage -- /home/aisha/Desktop/fashion/mila.html [4ms]
[2022-03-04T09:28:21.838Z] > git symbolic-ref --short HEAD [2ms]
[2022-03-04T09:28:21.848Z] > git for-each-ref --format=%(refname)%00%(upstream:short)%00%(objectname)%00%(upstream:track) refs/heads/main refs/remotes/main [3ms]
[2022-03-04T09:28:21.868Z] > git for-each-ref --sort -committerdate --format %(refname) %(objectname) %(*objectname) [12ms]
[2022-03-04T09:28:21.869Z] > git remote --verbose [5ms]
[2022-03-04T09:28:21.883Z] > git config --get commit.template [1ms]
[2022-03-04T09:28:21.938Z] > git ls-files --stage -- /home/aisha/Desktop/fashion/mila.html [3ms]
[2022-03-04T09:28:36.411Z] > git symbolic-ref --short HEAD [1ms]
[2022-03-04T09:28:36.419Z] > git for-each-ref --format=%(refname)%00%(upstream:short)%00%(objectname)%00%(upstream:track) refs/heads/main refs/remotes/main [3ms]
[2022-03-04T09:28:36.434Z] > git for-each-ref --sort -committerdate --format %(refname) %(objectname) %(*objectname) [9ms]
[2022-03-04T09:28:36.435Z] > git remote --verbose [3ms]
[2022-03-04T09:28:36.449Z] > git config --get commit.template [3ms]
[2022-03-04T09:28:36.506Z] > git ls-files --stage -- /home/aisha/Desktop/fashion/mila.html [2ms]
[2022-03-04T09:32:27.336Z] > git symbolic-ref --short HEAD [3ms]
[2022-03-04T09:32:27.345Z] > git for-each-ref --format=%(refname)%00%(upstream:short)%00%(objectname)%00%(upstream:track) refs/heads/main refs/remotes/main [2ms]
[2022-03-04T09:32:27.362Z] > git for-each-ref --sort -committerdate --format %(refname) %(objectname) %(*objectname) [10ms]
[2022-03-04T09:32:27.364Z] > git remote --verbose [4ms]
[2022-03-04T09:32:27.375Z] > git config --get commit.template [2ms]
[2022-03-04T09:32:27.433Z] > git ls-files --stage -- /home/aisha/Desktop/fashion/mila.html [3ms]
[2022-03-04T09:32:39.514Z] > git symbolic-ref --short HEAD [2ms]
[2022-03-04T09:32:39.522Z] > git for-each-ref --format=%(refname)%00%(upstream:short)%00%(objectname)%00%(upstream:track) refs/heads/main refs/remotes/main [2ms]
[2022-03-04T09:32:39.538Z] > git for-each-ref --sort -committerdate --format %(refname) %(objectname) %(*objectname) [10ms]
[2022-03-04T09:32:39.538Z] > git remote --verbose [3ms]
[2022-03-04T09:32:39.553Z] > git config --get commit.template [3ms]
[2022-03-04T09:32:39.607Z] > git ls-files --stage -- /home/aisha/Desktop/fashion/mila.html [3ms]
[2022-03-04T09:32:39.614Z] > git cat-file -s ac22d19ef358fb50d2e0e5c665fc8a2a90b7de80 [2ms]
[2022-03-04T09:34:01.417Z] > git symbolic-ref --short HEAD [2ms]
[2022-03-04T09:34:01.429Z] > git for-each-ref --format=%(refname)%00%(upstream:short)%00%(objectname)%00%(upstream:track) refs/heads/main refs/remotes/main [4ms]
[2022-03-04T09:34:01.448Z] > git for-each-ref --sort -committerdate --format %(refname) %(objectname) %(*objectname) [10ms]
[2022-03-04T09:34:01.448Z] > git remote --verbose [4ms]
[2022-03-04T09:34:01.464Z] > git config --get commit.template [3ms]
[2022-03-04T09:34:01.526Z] > git ls-files --stage -- /home/aisha/Desktop/fashion/mila.html [2ms]
[2022-03-04T09:34:01.536Z] > git cat-file -s ac22d19ef358fb50d2e0e5c665fc8a2a90b7de80 [3ms]
[2022-03-04T09:43:40.746Z] > git symbolic-ref --short HEAD [2ms]
[2022-03-04T09:43:40.757Z] > git for-each-ref --format=%(refname)%00%(upstream:short)%00%(objectname)%00%(upstream:track) refs/heads/main refs/remotes/main [4ms]
[2022-03-04T09:43:40.771Z] > git for-each-ref --sort -committerdate --format %(refname) %(objectname) %(*objectname) [8ms]
[2022-03-04T09:43:40.772Z] > git remote --verbose [3ms]
[2022-03-04T09:43:40.783Z] > git config --get commit.template [2ms]
[2022-03-04T09:43:40.838Z] > git ls-files --stage -- /home/aisha/Desktop/fashion/mila.html [2ms]
[2022-03-04T09:43:40.847Z] > git cat-file -s ac22d19ef358fb50d2e0e5c665fc8a2a90b7de80 [2ms]
[2022-03-04T09:43:56.508Z] > git symbolic-ref --short HEAD [2ms]
[2022-03-04T09:43:56.521Z] > git for-each-ref --format=%(refname)%00%(upstream:short)%00%(objectname)%00%(upstream:track) refs/heads/main refs/remotes/main [7ms]
[2022-03-04T09:43:56.538Z] > git for-each-ref --sort -committerdate --format %(refname) %(objectname) %(*objectname) [9ms]
[2022-03-04T09:43:56.538Z] > git remote --verbose [2ms]
[2022-03-04T09:43:56.549Z] > git config --get commit.template [2ms]
[2022-03-04T09:43:56.601Z] > git ls-files --stage -- /home/aisha/Desktop/fashion/mila.html [2ms]
[2022-03-04T09:43:56.611Z] > git cat-file -s ac22d19ef358fb50d2e0e5c665fc8a2a90b7de80 [3ms]
[2022-03-04T10:35:59.347Z] > git ls-files --stage -- /home/aisha/Desktop/fashion/mila.html [3ms]
[2022-03-04T10:35:59.356Z] > git cat-file -s ac22d19ef358fb50d2e0e5c665fc8a2a90b7de80 [2ms]
[2022-03-04T10:36:52.055Z] > git ls-files --stage -- /home/aisha/Desktop/fashion/mila.html [5ms]
[2022-03-04T10:36:52.064Z] > git cat-file -s ac22d19ef358fb50d2e0e5c665fc8a2a90b7de80 [3ms]
[2022-03-04T10:40:12.269Z] > git ls-files --stage -- /home/aisha/Desktop/fashion/mila.html [2ms]
[2022-03-04T10:40:12.277Z] > git cat-file -s ac22d19ef358fb50d2e0e5c665fc8a2a90b7de80 [2ms]
[2022-03-04T10:44:08.795Z] > git symbolic-ref --short HEAD [4ms]
[2022-03-04T10:44:08.816Z] > git for-each-ref --format=%(refname)%00%(upstream:short)%00%(objectname)%00%(upstream:track) refs/heads/main refs/remotes/main [5ms]
[2022-03-04T10:44:08.837Z] > git for-each-ref --sort -committerdate --format %(refname) %(objectname) %(*objectname) [8ms]
[2022-03-04T10:44:08.838Z] > git remote --verbose [2ms]
[2022-03-04T10:44:08.855Z] > git config --get commit.template [2ms]
[2022-03-04T10:46:44.804Z] > git ls-files --stage -- /home/aisha/Desktop/fashion/style.css [2ms]
[2022-03-04T10:46:44.816Z] > git cat-file -s 994343b76e475a38ccc30decc4a9c584e266c12e [2ms]
[2022-03-04T10:47:21.578Z] > git ls-files --stage -- /home/aisha/Desktop/fashion/mila.html [2ms]
[2022-03-04T10:47:21.586Z] > git cat-file -s ac22d19ef358fb50d2e0e5c665fc8a2a90b7de80 [2ms]
[2022-03-04T11:30:18.291Z] > git ls-files --stage -- /home/aisha/Desktop/fashion/mila.html [3ms]
[2022-03-04T11:30:18.300Z] > git cat-file -s ac22d19ef358fb50d2e0e5c665fc8a2a90b7de80 [2ms]
